2026-05-23 11:00:02,510 INFO: ✅ App iniciada con seguridad reforzada y soporte UTF-8 [in C:\Users\thier\desktop\tubby_app\app.py:791]
2026-05-23 11:00:49,881 INFO: ✅ App iniciada con seguridad reforzada y soporte UTF-8 [in C:\Users\thier\Desktop\tubby_app\app.py:791]
2026-05-23 11:15:46,626 INFO: [OK] App iniciada con seguridad reforzada y soporte UTF-8 [in C:\Users\thier\Desktop\tubby_app\app.py:339]
2026-05-23 11:15:46,628 INFO: [OK] Blueprint registrado: btn_tablas_admin_auto_bp [in C:\Users\thier\Desktop\tubby_app\app.py:444]
2026-05-23 11:15:46,631 INFO: [OK] Blueprint registrado: tablas_admin_auto_bp [in C:\Users\thier\Desktop\tubby_app\app.py:444]
2026-05-23 11:15:46,636 INFO: [OK] Blueprint registrado: auth_bp [in C:\Users\thier\Desktop\tubby_app\app.py:444]
2026-05-23 11:15:46,637 INFO: [OK] Blueprint registrado: debug_login_bp [in C:\Users\thier\Desktop\tubby_app\app.py:444]
2026-05-23 11:15:46,640 INFO: [OK] Blueprint registrado: btn_proveedores_gestionar_bp [in C:\Users\thier\Desktop\tubby_app\app.py:444]
2026-05-23 11:15:46,641 INFO: [OK] Blueprint registrado: btn_proveedores_usuarios_gestionar_bp [in C:\Users\thier\Desktop\tubby_app\app.py:444]
2026-05-23 11:15:46,642 INFO: [OK] Blueprint registrado: btn_ubicacion_calles_bp [in C:\Users\thier\Desktop\tubby_app\app.py:444]
2026-05-23 11:15:46,693 INFO: [OK] Blueprint registrado: btn_ubicacion_calles_geolocalizacion_bp [in C:\Users\thier\Desktop\tubby_app\app.py:444]
2026-05-23 11:15:46,695 INFO: [OK] Blueprint registrado: modulo_comunes_proveedores_bp [in C:\Users\thier\Desktop\tubby_app\app.py:444]
2026-05-23 11:15:46,697 INFO: [OK] Blueprint registrado: modulo_comunes_tablas_bp [in C:\Users\thier\Desktop\tubby_app\app.py:444]
2026-05-23 11:15:46,698 INFO: [OK] Blueprint registrado: modulo_comunes_ubicacion_bp [in C:\Users\thier\Desktop\tubby_app\app.py:444]
2026-05-23 11:15:46,700 INFO: [OK] Blueprint registrado: panel_comunes_bp [in C:\Users\thier\Desktop\tubby_app\app.py:444]
2026-05-23 11:15:46,703 INFO: [OK] Blueprint registrado: agenda_bp [in C:\Users\thier\Desktop\tubby_app\app.py:444]
2026-05-23 11:15:46,705 INFO: [OK] Blueprint registrado: btn_contenedores_edicion_bp [in C:\Users\thier\Desktop\tubby_app\app.py:444]
2026-05-23 11:15:46,706 INFO: [OK] Blueprint registrado: btn_contenedores_informe_mensual_liquidados_bp [in C:\Users\thier\Desktop\tubby_app\app.py:444]
2026-05-23 11:15:46,707 INFO: [OK] Blueprint registrado: btn_contenedores_listar_carpetas_bp [in C:\Users\thier\Desktop\tubby_app\app.py:444]
2026-05-23 11:15:46,710 INFO: [OK] Blueprint registrado: btn_contenedores_listar_pendientes_bp [in C:\Users\thier\Desktop\tubby_app\app.py:444]
2026-05-23 11:15:46,916 INFO: [OK] Blueprint registrado: btn_contenedores_mapa_bp [in C:\Users\thier\Desktop\tubby_app\app.py:444]
2026-05-23 11:15:46,918 INFO: [OK] Blueprint registrado: btn_contenedores_retiradas_sin_relacion_bp [in C:\Users\thier\Desktop\tubby_app\app.py:444]
2026-05-23 11:15:46,920 INFO: [OK] Blueprint registrado: extractor_pdf_obras_bp [in C:\Users\thier\Desktop\tubby_app\app.py:444]
2026-05-23 11:15:46,921 INFO: [OK] Blueprint registrado: modulo_control_via_publica_contenedores_bp [in C:\Users\thier\Desktop\tubby_app\app.py:444]
2026-05-23 11:15:46,922 INFO: [OK] Blueprint registrado: modulo_control_via_publica_obras_bp [in C:\Users\thier\Desktop\tubby_app\app.py:444]
2026-05-23 11:15:46,923 WARNING: [WARN] Blueprint duplicado: modulo_control_via_publica_obras_bp [in C:\Users\thier\Desktop\tubby_app\app.py:446]
2026-05-23 11:15:46,924 INFO: [OK] Blueprint registrado: modulo_control_via_publica_ocupacion_via_bp [in C:\Users\thier\Desktop\tubby_app\app.py:444]
2026-05-23 11:15:46,924 INFO: [OK] Blueprint registrado: modulo_control_via_publica_terrazas_bp [in C:\Users\thier\Desktop\tubby_app\app.py:444]
2026-05-23 11:15:46,925 INFO: [OK] Blueprint registrado: modulo_control_via_publica_vados_bp [in C:\Users\thier\Desktop\tubby_app\app.py:444]
2026-05-23 11:15:46,926 INFO: [OK] Blueprint registrado: panel_control_via_publica_bp [in C:\Users\thier\Desktop\tubby_app\app.py:444]
2026-05-23 11:15:46,928 INFO: [OK] Blueprint registrado: btn_administrar_gestores_bp [in C:\Users\thier\Desktop\tubby_app\app.py:444]
2026-05-23 11:15:46,929 INFO: [OK] Blueprint registrado: modulo_gestores_administrar_bp [in C:\Users\thier\Desktop\tubby_app\app.py:444]
2026-05-23 11:15:46,932 INFO: [OK] Blueprint registrado: panel_gestores_bp [in C:\Users\thier\Desktop\tubby_app\app.py:444]
2026-05-23 11:15:46,935 INFO: [OK] Blueprint registrado: helpers_vias_bp [in C:\Users\thier\Desktop\tubby_app\app.py:444]
2026-05-23 11:15:46,938 INFO: [OK] Blueprint registrado: btn_edificios_form_bp [in C:\Users\thier\Desktop\tubby_app\app.py:444]
2026-05-23 11:15:46,939 INFO: [OK] Blueprint registrado: btn_edificios_listado_bp [in C:\Users\thier\Desktop\tubby_app\app.py:444]
2026-05-23 11:15:47,121 INFO: [OK] Blueprint registrado: btn_plan_de_proteccion_form_bp [in C:\Users\thier\Desktop\tubby_app\app.py:444]
2026-05-23 11:15:47,122 INFO: [OK] Blueprint registrado: modulo_inventario_edificios_bp [in C:\Users\thier\Desktop\tubby_app\app.py:444]
2026-05-23 11:15:47,123 INFO: [OK] Blueprint registrado: modulo_inventario_plan_de_proteccion_bp [in C:\Users\thier\Desktop\tubby_app\app.py:444]
2026-05-23 11:15:47,124 INFO: [OK] Blueprint registrado: panel_inventario_bp [in C:\Users\thier\Desktop\tubby_app\app.py:444]
2026-05-23 11:15:47,126 INFO: [OK] Blueprint registrado: btn_rio_torio_accesos_bp [in C:\Users\thier\Desktop\tubby_app\app.py:444]
2026-05-23 11:15:47,127 INFO: [OK] Blueprint registrado: btn_rio_torio_asignar_matriculas_bp [in C:\Users\thier\Desktop\tubby_app\app.py:444]
2026-05-23 11:15:47,128 INFO: [OK] Blueprint registrado: btn_rio_torio_asignar_plaza_bp [in C:\Users\thier\Desktop\tubby_app\app.py:444]
2026-05-23 11:15:47,289 INFO: [OK] Blueprint registrado: btn_rio_torio_consultas_avanzadas_bp [in C:\Users\thier\Desktop\tubby_app\app.py:444]
2026-05-23 11:15:47,290 INFO: [OK] Blueprint registrado: btn_rio_torio_usuarios_editar_bp [in C:\Users\thier\Desktop\tubby_app\app.py:444]
2026-05-23 11:15:47,292 INFO: [OK] Blueprint registrado: btn_rio_torio_historico_plazas_bp [in C:\Users\thier\Desktop\tubby_app\app.py:444]
2026-05-23 11:15:47,293 INFO: [OK] Blueprint registrado: btn_rio_torio_usuarios_plazas_bp [in C:\Users\thier\Desktop\tubby_app\app.py:444]
2026-05-23 11:15:47,294 INFO: [OK] Blueprint registrado: btn_rio_torio_obtener_actualizar_usuario_bp [in C:\Users\thier\Desktop\tubby_app\app.py:444]
2026-05-23 11:15:47,296 INFO: [OK] Blueprint registrado: btn_rio_torio_padron_bp [in C:\Users\thier\Desktop\tubby_app\app.py:444]
2026-05-23 11:15:47,298 INFO: [OK] Blueprint registrado: btn_rio_torio_plano_bp [in C:\Users\thier\Desktop\tubby_app\app.py:444]
2026-05-23 11:15:47,299 WARNING: [WARN] Blueprint duplicado: btn_rio_torio_usuarios_plazas_bp [in C:\Users\thier\Desktop\tubby_app\app.py:446]
2026-05-23 11:15:47,301 INFO: [OK] Blueprint registrado: btn_rio_torio_solicitud_plazas_bp [in C:\Users\thier\Desktop\tubby_app\app.py:444]
2026-05-23 11:15:47,302 WARNING: [WARN] Blueprint duplicado: btn_rio_torio_solicitud_plazas_bp [in C:\Users\thier\Desktop\tubby_app\app.py:446]
2026-05-23 11:15:47,303 INFO: [OK] Blueprint registrado: modulo_parquin_rio_torio_bp [in C:\Users\thier\Desktop\tubby_app\app.py:444]
2026-05-23 11:15:47,304 INFO: [OK] Blueprint registrado: panel_parquin_bp [in C:\Users\thier\Desktop\tubby_app\app.py:444]
2026-05-23 11:15:47,306 INFO: [OK] Blueprint registrado: generador_ia_bp [in C:\Users\thier\Desktop\tubby_app\app.py:444]
2026-05-23 11:15:47,307 INFO: [OK] Blueprint registrado: super_admin_bp [in C:\Users\thier\Desktop\tubby_app\app.py:444]
2026-05-23 11:15:47,308 INFO: [OK] Blueprint registrado: usuarios_bp [in C:\Users\thier\Desktop\tubby_app\app.py:444]
2026-05-23 11:15:47,308 INFO: [INFO] Total blueprints cargados: 52 [in C:\Users\thier\Desktop\tubby_app\app.py:452]
2026-05-23 11:15:47,309 INFO: [INFO] Iniciando watchers de PDFs... [in C:\Users\thier\Desktop\tubby_app\app.py:381]
2026-05-23 11:15:47,310 INFO: 🚀 Watcher inicial iniciado: C:\Users\thier\Desktop\tubby_app\carpeta_inicial_pdf [in C:\Users\thier\Desktop\tubby_app\watchers\bandeja_inicial_watcher.py:122]
2026-05-23 11:15:47,310 INFO: 👁 [carpeta_inicial_pdf] Vigilando carpeta: C:\Users\thier\Desktop\tubby_app\carpeta_inicial_pdf [in C:\Users\thier\Desktop\tubby_app\watchers\bandeja_inicial_watcher.py:123]
2026-05-23 11:15:47,310 INFO: [OK] Watcher carpeta_inicial_pdf iniciado [in C:\Users\thier\Desktop\tubby_app\app.py:385]
2026-05-23 11:15:47,311 INFO: 🚀 Watcher iniciado: C:\Users\thier\Desktop\tubby_app\contenedores\entrada_pdf [in C:\Users\thier\Desktop\tubby_app\watchers\contenedores_watcher.py:296]
2026-05-23 11:15:47,311 INFO: 👁 [entrada_pdf] Vigilando carpeta: C:\Users\thier\Desktop\tubby_app\contenedores\entrada_pdf [in C:\Users\thier\Desktop\tubby_app\watchers\contenedores_watcher.py:297]
2026-05-23 11:15:47,311 INFO: [OK] Watcher contenedores iniciado [in C:\Users\thier\Desktop\tubby_app\app.py:391]
2026-05-23 11:15:47,312 INFO: 🚀 Watcher de terrazas iniciado: C:\Users\thier\Desktop\tubby_app\terrazas\entrada_pdf [in C:\Users\thier\Desktop\tubby_app\watchers\terrazas_watcher.py:115]
2026-05-23 11:15:47,313 INFO: 👁 [terrazas/entrada_pdf] Vigilando carpeta: C:\Users\thier\Desktop\tubby_app\terrazas\entrada_pdf [in C:\Users\thier\Desktop\tubby_app\watchers\terrazas_watcher.py:116]
2026-05-23 11:15:47,313 INFO: [OK] Watcher terrazas iniciado [in C:\Users\thier\Desktop\tubby_app\app.py:397]
2026-05-23 11:15:47,315 INFO: 🚀 Watcher de obras iniciado: C:\Users\thier\Desktop\tubby_app\obras\entrada_pdf [in C:\Users\thier\Desktop\tubby_app\watchers\obras_watcher.py:115]
2026-05-23 11:15:47,315 INFO: 👁 [obras/entrada_pdf] Vigilando carpeta: C:\Users\thier\Desktop\tubby_app\obras\entrada_pdf [in C:\Users\thier\Desktop\tubby_app\watchers\obras_watcher.py:116]
2026-05-23 11:15:47,315 INFO: [OK] Watcher obras iniciado [in C:\Users\thier\Desktop\tubby_app\app.py:403]
2026-05-23 11:15:47,315 INFO: [OK] Todos los watchers iniciados [in C:\Users\thier\Desktop\tubby_app\app.py:407]
2026-05-23 11:15:47,315 INFO: [OK] Watchers iniciados correctamente [in C:\Users\thier\Desktop\tubby_app\app.py:588]
2026-05-23 11:38:06,048 INFO: [OK] App iniciada con seguridad reforzada y soporte UTF-8 [in C:\Users\thier\Desktop\tubby_app\app.py:339]
2026-05-23 11:38:06,053 INFO: [OK] Blueprint registrado: btn_tablas_admin_auto_bp [in C:\Users\thier\Desktop\tubby_app\app.py:444]
2026-05-23 11:38:06,055 INFO: [OK] Blueprint registrado: tablas_admin_auto_bp [in C:\Users\thier\Desktop\tubby_app\app.py:444]
2026-05-23 11:38:06,060 INFO: [OK] Blueprint registrado: auth_bp [in C:\Users\thier\Desktop\tubby_app\app.py:444]
2026-05-23 11:38:06,062 INFO: [OK] Blueprint registrado: debug_login_bp [in C:\Users\thier\Desktop\tubby_app\app.py:444]
2026-05-23 11:38:06,065 INFO: [OK] Blueprint registrado: btn_proveedores_gestionar_bp [in C:\Users\thier\Desktop\tubby_app\app.py:444]
2026-05-23 11:38:06,066 INFO: [OK] Blueprint registrado: btn_proveedores_usuarios_gestionar_bp [in C:\Users\thier\Desktop\tubby_app\app.py:444]
2026-05-23 11:38:06,068 INFO: [OK] Blueprint registrado: btn_ubicacion_calles_bp [in C:\Users\thier\Desktop\tubby_app\app.py:444]
2026-05-23 11:38:06,121 INFO: [OK] Blueprint registrado: btn_ubicacion_calles_geolocalizacion_bp [in C:\Users\thier\Desktop\tubby_app\app.py:444]
2026-05-23 11:38:06,122 INFO: [OK] Blueprint registrado: modulo_comunes_proveedores_bp [in C:\Users\thier\Desktop\tubby_app\app.py:444]
2026-05-23 11:38:06,123 INFO: [OK] Blueprint registrado: modulo_comunes_tablas_bp [in C:\Users\thier\Desktop\tubby_app\app.py:444]
2026-05-23 11:38:06,125 INFO: [OK] Blueprint registrado: modulo_comunes_ubicacion_bp [in C:\Users\thier\Desktop\tubby_app\app.py:444]
2026-05-23 11:38:06,126 INFO: [OK] Blueprint registrado: panel_comunes_bp [in C:\Users\thier\Desktop\tubby_app\app.py:444]
2026-05-23 11:38:06,129 INFO: [OK] Blueprint registrado: agenda_bp [in C:\Users\thier\Desktop\tubby_app\app.py:444]
2026-05-23 11:38:06,131 INFO: [OK] Blueprint registrado: btn_contenedores_edicion_bp [in C:\Users\thier\Desktop\tubby_app\app.py:444]
2026-05-23 11:38:06,133 INFO: [OK] Blueprint registrado: btn_contenedores_informe_mensual_liquidados_bp [in C:\Users\thier\Desktop\tubby_app\app.py:444]
2026-05-23 11:38:06,134 INFO: [OK] Blueprint registrado: btn_contenedores_listar_carpetas_bp [in C:\Users\thier\Desktop\tubby_app\app.py:444]
2026-05-23 11:38:06,136 INFO: [OK] Blueprint registrado: btn_contenedores_listar_pendientes_bp [in C:\Users\thier\Desktop\tubby_app\app.py:444]
2026-05-23 11:38:06,462 INFO: [OK] Blueprint registrado: btn_contenedores_mapa_bp [in C:\Users\thier\Desktop\tubby_app\app.py:444]
2026-05-23 11:38:06,464 INFO: [OK] Blueprint registrado: btn_contenedores_retiradas_sin_relacion_bp [in C:\Users\thier\Desktop\tubby_app\app.py:444]
2026-05-23 11:38:06,467 INFO: [OK] Blueprint registrado: extractor_pdf_obras_bp [in C:\Users\thier\Desktop\tubby_app\app.py:444]
2026-05-23 11:38:06,468 INFO: [OK] Blueprint registrado: modulo_control_via_publica_contenedores_bp [in C:\Users\thier\Desktop\tubby_app\app.py:444]
2026-05-23 11:38:06,472 INFO: [OK] Blueprint registrado: modulo_control_via_publica_obras_bp [in C:\Users\thier\Desktop\tubby_app\app.py:444]
2026-05-23 11:38:06,472 WARNING: [WARN] Blueprint duplicado: modulo_control_via_publica_obras_bp [in C:\Users\thier\Desktop\tubby_app\app.py:446]
2026-05-23 11:38:06,474 INFO: [OK] Blueprint registrado: modulo_control_via_publica_ocupacion_via_bp [in C:\Users\thier\Desktop\tubby_app\app.py:444]
2026-05-23 11:38:06,475 INFO: [OK] Blueprint registrado: modulo_control_via_publica_terrazas_bp [in C:\Users\thier\Desktop\tubby_app\app.py:444]
2026-05-23 11:38:06,477 INFO: [OK] Blueprint registrado: modulo_control_via_publica_vados_bp [in C:\Users\thier\Desktop\tubby_app\app.py:444]
2026-05-23 11:38:06,479 INFO: [OK] Blueprint registrado: panel_control_via_publica_bp [in C:\Users\thier\Desktop\tubby_app\app.py:444]
2026-05-23 11:38:06,481 INFO: [OK] Blueprint registrado: btn_administrar_gestores_bp [in C:\Users\thier\Desktop\tubby_app\app.py:444]
2026-05-23 11:38:06,482 INFO: [OK] Blueprint registrado: modulo_gestores_administrar_bp [in C:\Users\thier\Desktop\tubby_app\app.py:444]
2026-05-23 11:38:06,483 INFO: [OK] Blueprint registrado: panel_gestores_bp [in C:\Users\thier\Desktop\tubby_app\app.py:444]
2026-05-23 11:38:06,485 INFO: [OK] Blueprint registrado: helpers_vias_bp [in C:\Users\thier\Desktop\tubby_app\app.py:444]
2026-05-23 11:38:06,487 INFO: [OK] Blueprint registrado: btn_edificios_form_bp [in C:\Users\thier\Desktop\tubby_app\app.py:444]
2026-05-23 11:38:06,488 INFO: [OK] Blueprint registrado: btn_edificios_listado_bp [in C:\Users\thier\Desktop\tubby_app\app.py:444]
2026-05-23 11:38:06,661 INFO: [OK] Blueprint registrado: btn_plan_de_proteccion_form_bp [in C:\Users\thier\Desktop\tubby_app\app.py:444]
2026-05-23 11:38:06,663 INFO: [OK] Blueprint registrado: modulo_inventario_edificios_bp [in C:\Users\thier\Desktop\tubby_app\app.py:444]
2026-05-23 11:38:06,664 INFO: [OK] Blueprint registrado: modulo_inventario_plan_de_proteccion_bp [in C:\Users\thier\Desktop\tubby_app\app.py:444]
2026-05-23 11:38:06,665 INFO: [OK] Blueprint registrado: panel_inventario_bp [in C:\Users\thier\Desktop\tubby_app\app.py:444]
2026-05-23 11:38:06,667 INFO: [OK] Blueprint registrado: btn_rio_torio_accesos_bp [in C:\Users\thier\Desktop\tubby_app\app.py:444]
2026-05-23 11:38:06,668 INFO: [OK] Blueprint registrado: btn_rio_torio_asignar_matriculas_bp [in C:\Users\thier\Desktop\tubby_app\app.py:444]
2026-05-23 11:38:06,669 INFO: [OK] Blueprint registrado: btn_rio_torio_asignar_plaza_bp [in C:\Users\thier\Desktop\tubby_app\app.py:444]
2026-05-23 11:38:06,810 INFO: [OK] Blueprint registrado: btn_rio_torio_consultas_avanzadas_bp [in C:\Users\thier\Desktop\tubby_app\app.py:444]
2026-05-23 11:38:06,812 INFO: [OK] Blueprint registrado: btn_rio_torio_usuarios_editar_bp [in C:\Users\thier\Desktop\tubby_app\app.py:444]
2026-05-23 11:38:06,813 INFO: [OK] Blueprint registrado: btn_rio_torio_historico_plazas_bp [in C:\Users\thier\Desktop\tubby_app\app.py:444]
2026-05-23 11:38:06,815 INFO: [OK] Blueprint registrado: btn_rio_torio_usuarios_plazas_bp [in C:\Users\thier\Desktop\tubby_app\app.py:444]
2026-05-23 11:38:06,816 INFO: [OK] Blueprint registrado: btn_rio_torio_obtener_actualizar_usuario_bp [in C:\Users\thier\Desktop\tubby_app\app.py:444]
2026-05-23 11:38:06,818 INFO: [OK] Blueprint registrado: btn_rio_torio_padron_bp [in C:\Users\thier\Desktop\tubby_app\app.py:444]
2026-05-23 11:38:06,819 INFO: [OK] Blueprint registrado: btn_rio_torio_plano_bp [in C:\Users\thier\Desktop\tubby_app\app.py:444]
2026-05-23 11:38:06,819 WARNING: [WARN] Blueprint duplicado: btn_rio_torio_usuarios_plazas_bp [in C:\Users\thier\Desktop\tubby_app\app.py:446]
2026-05-23 11:38:06,820 INFO: [OK] Blueprint registrado: btn_rio_torio_solicitud_plazas_bp [in C:\Users\thier\Desktop\tubby_app\app.py:444]
2026-05-23 11:38:06,821 WARNING: [WARN] Blueprint duplicado: btn_rio_torio_solicitud_plazas_bp [in C:\Users\thier\Desktop\tubby_app\app.py:446]
2026-05-23 11:38:06,822 INFO: [OK] Blueprint registrado: modulo_parquin_rio_torio_bp [in C:\Users\thier\Desktop\tubby_app\app.py:444]
2026-05-23 11:38:06,823 INFO: [OK] Blueprint registrado: panel_parquin_bp [in C:\Users\thier\Desktop\tubby_app\app.py:444]
2026-05-23 11:38:06,825 INFO: [OK] Blueprint registrado: generador_ia_bp [in C:\Users\thier\Desktop\tubby_app\app.py:444]
2026-05-23 11:38:06,827 INFO: [OK] Blueprint registrado: super_admin_bp [in C:\Users\thier\Desktop\tubby_app\app.py:444]
2026-05-23 11:38:06,828 INFO: [OK] Blueprint registrado: usuarios_bp [in C:\Users\thier\Desktop\tubby_app\app.py:444]
2026-05-23 11:38:06,828 INFO: [INFO] Total blueprints cargados: 52 [in C:\Users\thier\Desktop\tubby_app\app.py:452]
2026-05-23 11:38:06,829 INFO: [INFO] Iniciando watchers de PDFs... [in C:\Users\thier\Desktop\tubby_app\app.py:381]
2026-05-23 11:38:06,830 INFO: 🚀 Watcher inicial iniciado: C:\Users\thier\Desktop\tubby_app\carpeta_inicial_pdf [in C:\Users\thier\Desktop\tubby_app\watchers\bandeja_inicial_watcher.py:122]
2026-05-23 11:38:06,830 INFO: 👁 [carpeta_inicial_pdf] Vigilando carpeta: C:\Users\thier\Desktop\tubby_app\carpeta_inicial_pdf [in C:\Users\thier\Desktop\tubby_app\watchers\bandeja_inicial_watcher.py:123]
2026-05-23 11:38:06,830 INFO: [OK] Watcher carpeta_inicial_pdf iniciado [in C:\Users\thier\Desktop\tubby_app\app.py:385]
2026-05-23 11:38:06,831 INFO: 🚀 Watcher iniciado: C:\Users\thier\Desktop\tubby_app\contenedores\entrada_pdf [in C:\Users\thier\Desktop\tubby_app\watchers\contenedores_watcher.py:296]
2026-05-23 11:38:06,832 INFO: 👁 [entrada_pdf] Vigilando carpeta: C:\Users\thier\Desktop\tubby_app\contenedores\entrada_pdf [in C:\Users\thier\Desktop\tubby_app\watchers\contenedores_watcher.py:297]
2026-05-23 11:38:06,832 INFO: [OK] Watcher contenedores iniciado [in C:\Users\thier\Desktop\tubby_app\app.py:391]
2026-05-23 11:38:06,833 INFO: 🚀 Watcher de terrazas iniciado: C:\Users\thier\Desktop\tubby_app\terrazas\entrada_pdf [in C:\Users\thier\Desktop\tubby_app\watchers\terrazas_watcher.py:115]
2026-05-23 11:38:06,833 INFO: 👁 [terrazas/entrada_pdf] Vigilando carpeta: C:\Users\thier\Desktop\tubby_app\terrazas\entrada_pdf [in C:\Users\thier\Desktop\tubby_app\watchers\terrazas_watcher.py:116]
2026-05-23 11:38:06,833 INFO: [OK] Watcher terrazas iniciado [in C:\Users\thier\Desktop\tubby_app\app.py:397]
2026-05-23 11:38:06,834 INFO: 🚀 Watcher de obras iniciado: C:\Users\thier\Desktop\tubby_app\obras\entrada_pdf [in C:\Users\thier\Desktop\tubby_app\watchers\obras_watcher.py:115]
2026-05-23 11:38:06,834 INFO: 👁 [obras/entrada_pdf] Vigilando carpeta: C:\Users\thier\Desktop\tubby_app\obras\entrada_pdf [in C:\Users\thier\Desktop\tubby_app\watchers\obras_watcher.py:116]
2026-05-23 11:38:06,834 INFO: [OK] Watcher obras iniciado [in C:\Users\thier\Desktop\tubby_app\app.py:403]
2026-05-23 11:38:06,834 INFO: [OK] Todos los watchers iniciados [in C:\Users\thier\Desktop\tubby_app\app.py:407]
2026-05-23 11:38:06,834 INFO: [OK] Watchers iniciados correctamente [in C:\Users\thier\Desktop\tubby_app\app.py:588]
2026-05-23 11:58:50,445 INFO: [OK] App iniciada con seguridad reforzada y soporte UTF-8 [in C:\Users\thier\Desktop\tubby_app\app.py:339]
2026-05-23 11:58:50,449 INFO: [OK] Blueprint registrado: btn_tablas_admin_auto_bp [in C:\Users\thier\Desktop\tubby_app\app.py:444]
2026-05-23 11:58:50,452 INFO: [OK] Blueprint registrado: tablas_admin_auto_bp [in C:\Users\thier\Desktop\tubby_app\app.py:444]
2026-05-23 11:58:50,460 INFO: [OK] Blueprint registrado: auth_bp [in C:\Users\thier\Desktop\tubby_app\app.py:444]
2026-05-23 11:58:50,475 INFO: [OK] Blueprint registrado: debug_login_bp [in C:\Users\thier\Desktop\tubby_app\app.py:444]
2026-05-23 11:58:50,481 INFO: [OK] Blueprint registrado: btn_proveedores_gestionar_bp [in C:\Users\thier\Desktop\tubby_app\app.py:444]
2026-05-23 11:58:50,483 INFO: [OK] Blueprint registrado: btn_proveedores_usuarios_gestionar_bp [in C:\Users\thier\Desktop\tubby_app\app.py:444]
2026-05-23 11:58:50,485 INFO: [OK] Blueprint registrado: btn_ubicacion_calles_bp [in C:\Users\thier\Desktop\tubby_app\app.py:444]
2026-05-23 11:58:50,536 INFO: [OK] Blueprint registrado: btn_ubicacion_calles_geolocalizacion_bp [in C:\Users\thier\Desktop\tubby_app\app.py:444]
2026-05-23 11:58:50,538 INFO: [OK] Blueprint registrado: modulo_comunes_proveedores_bp [in C:\Users\thier\Desktop\tubby_app\app.py:444]
2026-05-23 11:58:50,540 INFO: [OK] Blueprint registrado: modulo_comunes_tablas_bp [in C:\Users\thier\Desktop\tubby_app\app.py:444]
2026-05-23 11:58:50,541 INFO: [OK] Blueprint registrado: modulo_comunes_ubicacion_bp [in C:\Users\thier\Desktop\tubby_app\app.py:444]
2026-05-23 11:58:50,542 INFO: [OK] Blueprint registrado: panel_comunes_bp [in C:\Users\thier\Desktop\tubby_app\app.py:444]
2026-05-23 11:58:50,545 INFO: [OK] Blueprint registrado: agenda_bp [in C:\Users\thier\Desktop\tubby_app\app.py:444]
2026-05-23 11:58:50,547 INFO: [OK] Blueprint registrado: btn_contenedores_edicion_bp [in C:\Users\thier\Desktop\tubby_app\app.py:444]
2026-05-23 11:58:50,549 INFO: [OK] Blueprint registrado: btn_contenedores_informe_mensual_liquidados_bp [in C:\Users\thier\Desktop\tubby_app\app.py:444]
2026-05-23 11:58:50,550 INFO: [OK] Blueprint registrado: btn_contenedores_listar_carpetas_bp [in C:\Users\thier\Desktop\tubby_app\app.py:444]
2026-05-23 11:58:50,552 INFO: [OK] Blueprint registrado: btn_contenedores_listar_pendientes_bp [in C:\Users\thier\Desktop\tubby_app\app.py:444]
2026-05-23 11:58:50,875 INFO: [OK] Blueprint registrado: btn_contenedores_mapa_bp [in C:\Users\thier\Desktop\tubby_app\app.py:444]
2026-05-23 11:58:50,877 INFO: [OK] Blueprint registrado: btn_contenedores_retiradas_sin_relacion_bp [in C:\Users\thier\Desktop\tubby_app\app.py:444]
2026-05-23 11:58:50,880 INFO: [OK] Blueprint registrado: extractor_pdf_obras_bp [in C:\Users\thier\Desktop\tubby_app\app.py:444]
2026-05-23 11:58:50,881 INFO: [OK] Blueprint registrado: modulo_control_via_publica_contenedores_bp [in C:\Users\thier\Desktop\tubby_app\app.py:444]
2026-05-23 11:58:50,883 INFO: [OK] Blueprint registrado: modulo_control_via_publica_obras_bp [in C:\Users\thier\Desktop\tubby_app\app.py:444]
2026-05-23 11:58:50,883 WARNING: [WARN] Blueprint duplicado: modulo_control_via_publica_obras_bp [in C:\Users\thier\Desktop\tubby_app\app.py:446]
2026-05-23 11:58:50,884 INFO: [OK] Blueprint registrado: modulo_control_via_publica_ocupacion_via_bp [in C:\Users\thier\Desktop\tubby_app\app.py:444]
2026-05-23 11:58:50,885 INFO: [OK] Blueprint registrado: modulo_control_via_publica_terrazas_bp [in C:\Users\thier\Desktop\tubby_app\app.py:444]
2026-05-23 11:58:50,887 INFO: [OK] Blueprint registrado: modulo_control_via_publica_vados_bp [in C:\Users\thier\Desktop\tubby_app\app.py:444]
2026-05-23 11:58:50,888 INFO: [OK] Blueprint registrado: panel_control_via_publica_bp [in C:\Users\thier\Desktop\tubby_app\app.py:444]
2026-05-23 11:58:50,890 INFO: [OK] Blueprint registrado: btn_administrar_gestores_bp [in C:\Users\thier\Desktop\tubby_app\app.py:444]
2026-05-23 11:58:50,891 INFO: [OK] Blueprint registrado: modulo_gestores_administrar_bp [in C:\Users\thier\Desktop\tubby_app\app.py:444]
2026-05-23 11:58:50,893 INFO: [OK] Blueprint registrado: panel_gestores_bp [in C:\Users\thier\Desktop\tubby_app\app.py:444]
2026-05-23 11:58:50,896 INFO: [OK] Blueprint registrado: helpers_vias_bp [in C:\Users\thier\Desktop\tubby_app\app.py:444]
2026-05-23 11:58:50,900 INFO: [OK] Blueprint registrado: btn_edificios_form_bp [in C:\Users\thier\Desktop\tubby_app\app.py:444]
2026-05-23 11:58:50,902 INFO: [OK] Blueprint registrado: btn_edificios_listado_bp [in C:\Users\thier\Desktop\tubby_app\app.py:444]
2026-05-23 11:58:51,136 INFO: [OK] Blueprint registrado: btn_plan_de_proteccion_form_bp [in C:\Users\thier\Desktop\tubby_app\app.py:444]
2026-05-23 11:58:51,138 INFO: [OK] Blueprint registrado: modulo_inventario_edificios_bp [in C:\Users\thier\Desktop\tubby_app\app.py:444]
2026-05-23 11:58:51,139 INFO: [OK] Blueprint registrado: modulo_inventario_plan_de_proteccion_bp [in C:\Users\thier\Desktop\tubby_app\app.py:444]
2026-05-23 11:58:51,140 INFO: [OK] Blueprint registrado: panel_inventario_bp [in C:\Users\thier\Desktop\tubby_app\app.py:444]
2026-05-23 11:58:51,143 INFO: [OK] Blueprint registrado: btn_rio_torio_accesos_bp [in C:\Users\thier\Desktop\tubby_app\app.py:444]
2026-05-23 11:58:51,144 INFO: [OK] Blueprint registrado: btn_rio_torio_asignar_matriculas_bp [in C:\Users\thier\Desktop\tubby_app\app.py:444]
2026-05-23 11:58:51,145 INFO: [OK] Blueprint registrado: btn_rio_torio_asignar_plaza_bp [in C:\Users\thier\Desktop\tubby_app\app.py:444]
2026-05-23 11:58:51,359 INFO: [OK] Blueprint registrado: btn_rio_torio_consultas_avanzadas_bp [in C:\Users\thier\Desktop\tubby_app\app.py:444]
2026-05-23 11:58:51,362 INFO: [OK] Blueprint registrado: btn_rio_torio_usuarios_editar_bp [in C:\Users\thier\Desktop\tubby_app\app.py:444]
2026-05-23 11:58:51,365 INFO: [OK] Blueprint registrado: btn_rio_torio_historico_plazas_bp [in C:\Users\thier\Desktop\tubby_app\app.py:444]
2026-05-23 11:58:51,367 INFO: [OK] Blueprint registrado: btn_rio_torio_usuarios_plazas_bp [in C:\Users\thier\Desktop\tubby_app\app.py:444]
2026-05-23 11:58:51,369 INFO: [OK] Blueprint registrado: btn_rio_torio_obtener_actualizar_usuario_bp [in C:\Users\thier\Desktop\tubby_app\app.py:444]
2026-05-23 11:58:51,372 INFO: [OK] Blueprint registrado: btn_rio_torio_padron_bp [in C:\Users\thier\Desktop\tubby_app\app.py:444]
2026-05-23 11:58:51,374 INFO: [OK] Blueprint registrado: btn_rio_torio_plano_bp [in C:\Users\thier\Desktop\tubby_app\app.py:444]
2026-05-23 11:58:51,376 WARNING: [WARN] Blueprint duplicado: btn_rio_torio_usuarios_plazas_bp [in C:\Users\thier\Desktop\tubby_app\app.py:446]
2026-05-23 11:58:51,378 INFO: [OK] Blueprint registrado: btn_rio_torio_solicitud_plazas_bp [in C:\Users\thier\Desktop\tubby_app\app.py:444]
2026-05-23 11:58:51,379 WARNING: [WARN] Blueprint duplicado: btn_rio_torio_solicitud_plazas_bp [in C:\Users\thier\Desktop\tubby_app\app.py:446]
2026-05-23 11:58:51,381 INFO: [OK] Blueprint registrado: modulo_parquin_rio_torio_bp [in C:\Users\thier\Desktop\tubby_app\app.py:444]
2026-05-23 11:58:51,382 INFO: [OK] Blueprint registrado: panel_parquin_bp [in C:\Users\thier\Desktop\tubby_app\app.py:444]
2026-05-23 11:58:51,385 INFO: [OK] Blueprint registrado: generador_ia_bp [in C:\Users\thier\Desktop\tubby_app\app.py:444]
2026-05-23 11:58:51,387 INFO: [OK] Blueprint registrado: super_admin_bp [in C:\Users\thier\Desktop\tubby_app\app.py:444]
2026-05-23 11:58:51,389 INFO: [OK] Blueprint registrado: usuarios_bp [in C:\Users\thier\Desktop\tubby_app\app.py:444]
2026-05-23 11:58:51,389 INFO: [INFO] Total blueprints cargados: 52 [in C:\Users\thier\Desktop\tubby_app\app.py:452]
2026-05-23 11:58:51,390 INFO: [INFO] Iniciando watchers de PDFs... [in C:\Users\thier\Desktop\tubby_app\app.py:381]
2026-05-23 11:58:51,391 INFO: 🚀 Watcher inicial iniciado: C:\Users\thier\Desktop\tubby_app\carpeta_inicial_pdf [in C:\Users\thier\Desktop\tubby_app\watchers\bandeja_inicial_watcher.py:122]
2026-05-23 11:58:51,391 INFO: 👁 [carpeta_inicial_pdf] Vigilando carpeta: C:\Users\thier\Desktop\tubby_app\carpeta_inicial_pdf [in C:\Users\thier\Desktop\tubby_app\watchers\bandeja_inicial_watcher.py:123]
2026-05-23 11:58:51,391 INFO: [OK] Watcher carpeta_inicial_pdf iniciado [in C:\Users\thier\Desktop\tubby_app\app.py:385]
2026-05-23 11:58:51,392 INFO: 🚀 Watcher iniciado: C:\Users\thier\Desktop\tubby_app\contenedores\entrada_pdf [in C:\Users\thier\Desktop\tubby_app\watchers\contenedores_watcher.py:296]
2026-05-23 11:58:51,393 INFO: 👁 [entrada_pdf] Vigilando carpeta: C:\Users\thier\Desktop\tubby_app\contenedores\entrada_pdf [in C:\Users\thier\Desktop\tubby_app\watchers\contenedores_watcher.py:297]
2026-05-23 11:58:51,393 INFO: [OK] Watcher contenedores iniciado [in C:\Users\thier\Desktop\tubby_app\app.py:391]
2026-05-23 11:58:51,394 INFO: 🚀 Watcher de terrazas iniciado: C:\Users\thier\Desktop\tubby_app\terrazas\entrada_pdf [in C:\Users\thier\Desktop\tubby_app\watchers\terrazas_watcher.py:115]
2026-05-23 11:58:51,394 INFO: 👁 [terrazas/entrada_pdf] Vigilando carpeta: C:\Users\thier\Desktop\tubby_app\terrazas\entrada_pdf [in C:\Users\thier\Desktop\tubby_app\watchers\terrazas_watcher.py:116]
2026-05-23 11:58:51,394 INFO: [OK] Watcher terrazas iniciado [in C:\Users\thier\Desktop\tubby_app\app.py:397]
2026-05-23 11:58:51,395 INFO: 🚀 Watcher de obras iniciado: C:\Users\thier\Desktop\tubby_app\obras\entrada_pdf [in C:\Users\thier\Desktop\tubby_app\watchers\obras_watcher.py:115]
2026-05-23 11:58:51,395 INFO: 👁 [obras/entrada_pdf] Vigilando carpeta: C:\Users\thier\Desktop\tubby_app\obras\entrada_pdf [in C:\Users\thier\Desktop\tubby_app\watchers\obras_watcher.py:116]
2026-05-23 11:58:51,395 INFO: [OK] Watcher obras iniciado [in C:\Users\thier\Desktop\tubby_app\app.py:403]
2026-05-23 11:58:51,395 INFO: [OK] Todos los watchers iniciados [in C:\Users\thier\Desktop\tubby_app\app.py:407]
2026-05-23 11:58:51,395 INFO: [OK] Watchers iniciados correctamente [in C:\Users\thier\Desktop\tubby_app\app.py:588]
